# JRE version: Java(TM) SE Runtime Environment (8.0_121-b13) (build 1.8.0_121-b13)
# Java VM: Java HotSpot(TM) 64-Bit Server VM (25.121-b13 mixed mode bsd-amd64 compressed oops)
Heap:
 PSYoungGen      total 311808K, used 262345K [0x00000007aab00000, 0x00000007bfd80000, 0x00000007c0000000)
  eden space 280064K, 89% used [0x00000007aab00000,0x00000007b9fe2758,0x00000007bbc80000)
  from space 31744K, 36% used [0x00000007bde80000,0x00000007be9d0080,0x00000007bfd80000)
  to   space 33280K, 0% used [0x00000007bbc80000,0x00000007bbc80000,0x00000007bdd00000)
 ParOldGen       total 187392K, used 69209K [0x0000000780000000, 0x000000078b700000, 0x00000007aab00000)
  object space 187392K, 36% used [0x0000000780000000,0x00000007843965e8,0x000000078b700000)
 Metaspace       used 55533K, capacity 57405K, committed 57472K, reserved 1099776K
  class space    used 7526K, capacity 8064K, committed 8064K, reserved 1048576K
GC Heap History (10 events):
Event: 387.889 GC heap before
{Heap before GC invocations=10 (full 2):
 PSYoungGen      total 272896K, used 270184K [0x00000007aab00000, 0x00000007c0000000, 0x00000007c0000000)
  eden space 253952K, 100% used [0x00000007aab00000,0x00000007ba300000,0x00000007ba300000)
  from space 18944K, 85% used [0x00000007ba300000,0x00000007bb2da060,0x00000007bb580000)
  to   space 19968K, 0% used [0x00000007bec80000,0x00000007bec80000,0x00000007c0000000)
 ParOldGen       total 187392K, used 26367K [0x0000000780000000, 0x000000078b700000, 0x00000007aab00000)
  object space 187392K, 14% used [0x0000000780000000,0x00000007819bfdf8,0x000000078b700000)
 Metaspace       used 46904K, capacity 48465K, committed 48640K, reserved 1091584K
  class space    used 6670K, capacity 7130K, committed 7168K, reserved 1048576K
Event: 387.902 GC heap after
Heap after GC invocations=10 (full 2):
 PSYoungGen      total 328192K, used 15576K [0x00000007aab00000, 0x00000007c0000000, 0x00000007c0000000)
  eden space 308224K, 0% used [0x00000007aab00000,0x00000007aab00000,0x00000007bd800000)
  from space 19968K, 78% used [0x00000007bec80000,0x00000007bfbb6090,0x00000007c0000000)
  to   space 20480K, 0% used [0x00000007bd800000,0x00000007bd800000,0x00000007bec00000)
 ParOldGen       total 187392K, used 26375K [0x0000000780000000, 0x000000078b700000, 0x00000007aab00000)
  object space 187392K, 14% used [0x0000000780000000,0x00000007819c1df8,0x000000078b700000)
 Metaspace       used 46904K, capacity 48465K, committed 48640K, reserved 1091584K
  class space    used 6670K, capacity 7130K, committed 7168K, reserved 1048576K
}
Event: 389.856 GC heap before
{Heap before GC invocations=11 (full 2):
 PSYoungGen      total 328192K, used 323800K [0x00000007aab00000, 0x00000007c0000000, 0x00000007c0000000)
  eden space 308224K, 100% used [0x00000007aab00000,0x00000007bd800000,0x00000007bd800000)
  from space 19968K, 78% used [0x00000007bec80000,0x00000007bfbb6090,0x00000007c0000000)
  to   space 20480K, 0% used [0x00000007bd800000,0x00000007bd800000,0x00000007bec00000)
 ParOldGen       total 187392K, used 26375K [0x0000000780000000, 0x000000078b700000, 0x00000007aab00000)
  object space 187392K, 14% used [0x0000000780000000,0x00000007819c1df8,0x000000078b700000)
 Metaspace       used 53634K, capacity 55211K, committed 55296K, reserved 1097728K
  class space    used 7413K, capacity 7907K, committed 7936K, reserved 1048576K
Event: 389.913 GC heap after
Heap after GC invocations=11 (full 2):
 PSYoungGen      total 328704K, used 20450K [0x00000007aab00000, 0x00000007c0000000, 0x00000007c0000000)
  eden space 308224K, 0% used [0x00000007aab00000,0x00000007aab00000,0x00000007bd800000)
  from space 20480K, 99% used [0x00000007bd800000,0x00000007bebf8800,0x00000007bec00000)
  to   space 20480K, 0% used [0x00000007bec00000,0x00000007bec00000,0x00000007c0000000)
 ParOldGen       total 187392K, used 46122K [0x0000000780000000, 0x000000078b700000, 0x00000007aab00000)
  object space 187392K, 24% used [0x0000000780000000,0x0000000782d0a890,0x000000078b700000)
 Metaspace       used 53634K, capacity 55211K, committed 55296K, reserved 1097728K
  class space    used 7413K, capacity 7907K, committed 7936K, reserved 1048576K
}
Event: 391.169 GC heap before
{Heap before GC invocations=12 (full 2):
 PSYoungGen      total 328704K, used 328674K [0x00000007aab00000, 0x00000007c0000000, 0x00000007c0000000)
  eden space 308224K, 100% used [0x00000007aab00000,0x00000007bd800000,0x00000007bd800000)
  from space 20480K, 99% used [0x00000007bd800000,0x00000007bebf8800,0x00000007bec00000)
  to   space 20480K, 0% used [0x00000007bec00000,0x00000007bec00000,0x00000007c0000000)
 ParOldGen       total 187392K, used 46125K [0x0000000780000000, 0x000000078b700000, 0x00000007aab00000)
  object space 187392K, 24% used [0x0000000780000000,0x0000000782d0b650,0x000000078b700000)
 Metaspace       used 53646K, capacity 55211K, committed 55296K, reserved 1097728K
  class space    used 7413K, capacity 7907K, committed 7936K, reserved 1048576K
Event: 391.205 GC heap after
Heap after GC invocations=12 (full 2):
 PSYoungGen      total 300032K, used 20472K [0x00000007aab00000, 0x00000007c0000000, 0x00000007c0000000)
  eden space 279552K, 0% used [0x00000007aab00000,0x00000007aab00000,0x00000007bbc00000)
  from space 20480K, 99% used [0x00000007bec00000,0x00000007bfffe070,0x00000007c0000000)
  to   space 34816K, 0% used [0x00000007bbc00000,0x00000007bbc00000,0x00000007bde00000)
 ParOldGen       total 187392K, used 55872K [0x0000000780000000, 0x000000078b700000, 0x00000007aab00000)
  object space 187392K, 29% used [0x0000000780000000,0x0000000783690228,0x000000078b700000)
 Metaspace       used 53646K, capacity 55211K, committed 55296K, reserved 1097728K
  class space    used 7413K, capacity 7907K, committed 7936K, reserved 1048576K
}
Event: 391.206 GC heap before
{Heap before GC invocations=13 (full 2):
 PSYoungGen      total 300032K, used 22342K [0x00000007aab00000, 0x00000007c0000000, 0x00000007c0000000)
  eden space 279552K, 0% used [0x00000007aab00000,0x00000007aacd3910,0x00000007bbc00000)
  from space 20480K, 99% used [0x00000007bec00000,0x00000007bfffe070,0x00000007c0000000)
  to   space 34816K, 0% used [0x00000007bbc00000,0x00000007bbc00000,0x00000007bde00000)
 ParOldGen       total 187392K, used 55872K [0x0000000780000000, 0x000000078b700000, 0x00000007aab00000)
  object space 187392K, 29% used [0x0000000780000000,0x0000000783690228,0x000000078b700000)
 Metaspace       used 53646K, capacity 55211K, committed 55296K, reserved 1097728K
  class space    used 7413K, capacity 7907K, committed 7936K, reserved 1048576K
Event: 391.224 GC heap after
Heap after GC invocations=13 (full 2):
 PSYoungGen      total 314368K, used 10264K [0x00000007aab00000, 0x00000007c0000000, 0x00000007c0000000)
  eden space 279552K, 0% used [0x00000007aab00000,0x00000007aab00000,0x00000007bbc00000)
  from space 34816K, 29% used [0x00000007bbc00000,0x00000007bc606040,0x00000007bde00000)
  to   space 34304K, 0% used [0x00000007bde80000,0x00000007bde80000,0x00000007c0000000)
 ParOldGen       total 187392K, used 66227K [0x0000000780000000, 0x000000078b700000, 0x00000007aab00000)
  object space 187392K, 35% used [0x0000000780000000,0x00000007840acf98,0x000000078b700000)
 Metaspace       used 53646K, capacity 55211K, committed 55296K, reserved 1097728K
  class space    used 7413K, capacity 7907K, committed 7936K, reserved 1048576K
}
Event: 454.527 GC heap before
{Heap before GC invocations=14 (full 2):
 PSYoungGen      total 314368K, used 289816K [0x00000007aab00000, 0x00000007c0000000, 0x00000007c0000000)
  eden space 279552K, 100% used [0x00000007aab00000,0x00000007bbc00000,0x00000007bbc00000)
  from space 34816K, 29% used [0x00000007bbc00000,0x00000007bc606040,0x00000007bde00000)
  to   space 34304K, 0% used [0x00000007bde80000,0x00000007bde80000,0x00000007c0000000)
 ParOldGen       total 187392K, used 66227K [0x0000000780000000, 0x000000078b700000, 0x00000007aab00000)
  object space 187392K, 35% used [0x0000000780000000,0x00000007840acf98,0x000000078b700000)
 Metaspace       used 53975K, capacity 55647K, committed 55936K, reserved 1097728K
  class space    used 7445K, capacity 7953K, committed 8064K, reserved 1048576K
Event: 454.543 GC heap after
Heap after GC invocations=14 (full 2):
 PSYoungGen      total 311808K, used 11584K [0x00000007aab00000, 0x00000007bfd80000, 0x00000007c0000000)
  eden space 280064K, 0% used [0x00000007aab00000,0x00000007aab00000,0x00000007bbc80000)
  from space 31744K, 36% used [0x00000007bde80000,0x00000007be9d0080,0x00000007bfd80000)
  to   space 33280K, 0% used [0x00000007bbc80000,0x00000007bbc80000,0x00000007bdd00000)
 ParOldGen       total 187392K, used 69209K [0x0000000780000000, 0x000000078b700000, 0x00000007aab00000)
  object space 187392K, 36% used [0x0000000780000000,0x00000007843965e8,0x000000078b700000)
 Metaspace       used 53975K, capacity 55647K, committed 55936K, reserved 1097728K
  class space    used 7445K, capacity 7953K, committed 8064K, reserved 1048576K
}

